<?xml version="1.0" encoding="UTF-8"?>
<!-- Generated by org.testng.reporters.JUnitReportReporter -->
<testsuite skipped="0" hostname="Balerion" name="com.rgk.testcases.AddCustomerTest" tests="1" failures="0" timestamp="20 Dec 2018 02:58:44 GMT" time="0.843" errors="0">
  <testcase name="addCustomer" time="0.843" classname="com.rgk.testcases.AddCustomerTest"/>
</testsuite> <!-- com.rgk.testcases.AddCustomerTest -->
