<?xml version="1.0" encoding="UTF-8"?>
<!-- Generated by org.testng.reporters.JUnitReportReporter -->
<testsuite skipped="0" hostname="Balerion" name="com.rgk.testcases.BankManagerLoginTest" tests="1" failures="0" timestamp="04 Jan 2019 07:33:09 GMT" time="0.767" errors="0">
  <testcase name="bankManagerLoginTest" time="0.767" classname="com.rgk.testcases.BankManagerLoginTest"/>
</testsuite> <!-- com.rgk.testcases.BankManagerLoginTest -->
