<?xml version="1.0" encoding="UTF-8"?>
<!-- Generated by org.testng.reporters.JUnitReportReporter -->
<testsuite skipped="0" hostname="Balerion" name="com.rgk.testcases.AddCustomerTest" tests="4" failures="0" timestamp="04 Jan 2019 07:33:09 GMT" time="15.957" errors="0">
  <testcase name="addCustomerTest" time="3.425" classname="com.rgk.testcases.AddCustomerTest"/>
  <testcase name="addCustomerTest" time="3.427" classname="com.rgk.testcases.AddCustomerTest"/>
  <testcase name="addCustomerTest" time="5.633" classname="com.rgk.testcases.AddCustomerTest"/>
  <testcase name="addCustomerTest" time="3.472" classname="com.rgk.testcases.AddCustomerTest"/>
</testsuite> <!-- com.rgk.testcases.AddCustomerTest -->
