<?xml version="1.0" encoding="UTF-8"?>
<!-- Generated by org.testng.reporters.JUnitReportReporter -->
<testsuite skipped="0" hostname="Balerion" name="com.rgk.testcases.OpenAccountTest" tests="1" failures="0" timestamp="04 Jan 2019 07:33:09 GMT" time="4.408" errors="0">
  <testcase name="openAccountTest" time="4.408" classname="com.rgk.testcases.OpenAccountTest"/>
</testsuite> <!-- com.rgk.testcases.OpenAccountTest -->
