<?xml version="1.0" encoding="UTF-8"?>
<!-- Generated by org.testng.reporters.JUnitReportReporter -->
<testsuite skipped="0" hostname="Balerion" name="com.rgk.testcases.AddCustomerTest" tests="4" failures="0" timestamp="04 Jan 2019 13:46:10 GMT" time="13.744" errors="0">
  <testcase name="addCustomerTest" time="3.291" classname="com.rgk.testcases.AddCustomerTest"/>
  <testcase name="addCustomerTest" time="3.873" classname="com.rgk.testcases.AddCustomerTest"/>
  <testcase name="addCustomerTest" time="3.303" classname="com.rgk.testcases.AddCustomerTest"/>
  <testcase name="addCustomerTest" time="3.277" classname="com.rgk.testcases.AddCustomerTest"/>
</testsuite> <!-- com.rgk.testcases.AddCustomerTest -->
