<?xml version="1.0" encoding="UTF-8"?>
<!-- Generated by org.testng.reporters.JUnitReportReporter -->
<testsuite skipped="0" hostname="Balerion" name="com.rgk.testcases.BankManagerLoginTest" tests="1" failures="0" timestamp="04 Jan 2019 13:46:10 GMT" time="1.051" errors="0">
  <testcase name="bankManagerLoginTest" time="1.051" classname="com.rgk.testcases.BankManagerLoginTest"/>
</testsuite> <!-- com.rgk.testcases.BankManagerLoginTest -->
